27-Nov-2019 13:54:20.068 INFO [main] jdk.internal.reflect.NativeMethodAccessorImpl.invoke Server version name:   Apache Tomcat/9.0.20
27-Nov-2019 13:54:20.079 INFO [main] jdk.internal.reflect.NativeMethodAccessorImpl.invoke Server built:          May 3 2019 22:26:00 UTC
27-Nov-2019 13:54:20.081 INFO [main] jdk.internal.reflect.NativeMethodAccessorImpl.invoke Server version number: 9.0.20.0
27-Nov-2019 13:54:20.082 INFO [main] jdk.internal.reflect.NativeMethodAccessorImpl.invoke OS Name:               Linux
27-Nov-2019 13:54:20.082 INFO [main] jdk.internal.reflect.NativeMethodAccessorImpl.invoke OS Version:            5.3.0-23-generic
27-Nov-2019 13:54:20.082 INFO [main] jdk.internal.reflect.NativeMethodAccessorImpl.invoke Architecture:          amd64
27-Nov-2019 13:54:20.082 INFO [main] jdk.internal.reflect.NativeMethodAccessorImpl.invoke Java Home:             /home/ivar/.sdkman/candidates/java/13.0.1.hs-adpt
27-Nov-2019 13:54:20.083 INFO [main] jdk.internal.reflect.NativeMethodAccessorImpl.invoke JVM Version:           13.0.1+9
27-Nov-2019 13:54:20.083 INFO [main] jdk.internal.reflect.NativeMethodAccessorImpl.invoke JVM Vendor:            AdoptOpenJDK
27-Nov-2019 13:54:20.084 INFO [main] jdk.internal.reflect.NativeMethodAccessorImpl.invoke CATALINA_BASE:         /home/ivar/Development/demo/dukes-local-greeting/day/.distribution/apache-tomee
27-Nov-2019 13:54:20.085 INFO [main] jdk.internal.reflect.NativeMethodAccessorImpl.invoke CATALINA_HOME:         /home/ivar/Development/demo/dukes-local-greeting/day/.distribution/apache-tomee
27-Nov-2019 13:54:20.182 INFO [main] jdk.internal.reflect.NativeMethodAccessorImpl.invoke Command line argument: --add-opens=java.base/java.lang=ALL-UNNAMED
27-Nov-2019 13:54:20.182 INFO [main] jdk.internal.reflect.NativeMethodAccessorImpl.invoke Command line argument: --add-opens=java.base/java.io=ALL-UNNAMED
27-Nov-2019 13:54:20.182 INFO [main] jdk.internal.reflect.NativeMethodAccessorImpl.invoke Command line argument: --add-opens=java.rmi/sun.rmi.transport=ALL-UNNAMED
27-Nov-2019 13:54:20.182 INFO [main] jdk.internal.reflect.NativeMethodAccessorImpl.invoke Command line argument: -Djava.util.logging.config.file=/home/ivar/Development/demo/dukes-local-greeting/day/.distribution/apache-tomee/conf/logging.properties
27-Nov-2019 13:54:20.192 INFO [main] jdk.internal.reflect.NativeMethodAccessorImpl.invoke Command line argument: -Djava.util.logging.manager=org.apache.juli.ClassLoaderLogManager
27-Nov-2019 13:54:20.192 INFO [main] jdk.internal.reflect.DelegatingMethodAccessorImpl.invoke Command line argument: -javaagent:/home/ivar/Development/demo/dukes-local-greeting/day/.distribution/apache-tomee/lib/openejb-javaagent.jar
27-Nov-2019 13:54:20.196 INFO [main] jdk.internal.reflect.DelegatingMethodAccessorImpl.invoke Command line argument: -Djdk.tls.ephemeralDHKeySize=2048
27-Nov-2019 13:54:20.196 INFO [main] jdk.internal.reflect.DelegatingMethodAccessorImpl.invoke Command line argument: -Djava.protocol.handler.pkgs=org.apache.catalina.webresources
27-Nov-2019 13:54:20.203 INFO [main] jdk.internal.reflect.DelegatingMethodAccessorImpl.invoke Command line argument: -Dorg.apache.catalina.security.SecurityListener.UMASK=0027
27-Nov-2019 13:54:20.203 INFO [main] jdk.internal.reflect.DelegatingMethodAccessorImpl.invoke Command line argument: -Dorg.apache.catalina.STRICT_SERVLET_COMPLIANCE=false
27-Nov-2019 13:54:20.203 INFO [main] jdk.internal.reflect.DelegatingMethodAccessorImpl.invoke Command line argument: -Dopenejb.session.manager=org.apache.tomee.catalina.session.QuickSessionManager
27-Nov-2019 13:54:20.203 INFO [main] jdk.internal.reflect.DelegatingMethodAccessorImpl.invoke Command line argument: -Dtomee.remote.support=true
27-Nov-2019 13:54:20.203 INFO [main] jdk.internal.reflect.DelegatingMethodAccessorImpl.invoke Command line argument: -Dopenejb.system.apps=false
27-Nov-2019 13:54:20.203 INFO [main] jdk.internal.reflect.DelegatingMethodAccessorImpl.invoke Command line argument: -Dtomee.noshutdownhook=true
27-Nov-2019 13:54:20.203 INFO [main] jdk.internal.reflect.DelegatingMethodAccessorImpl.invoke Command line argument: -Dtomee.jsp-development=true
27-Nov-2019 13:54:20.203 INFO [main] jdk.internal.reflect.DelegatingMethodAccessorImpl.invoke Command line argument: -Dignore.endorsed.dirs=
27-Nov-2019 13:54:20.204 INFO [main] jdk.internal.reflect.DelegatingMethodAccessorImpl.invoke Command line argument: -Dcatalina.base=/home/ivar/Development/demo/dukes-local-greeting/day/.distribution/apache-tomee
27-Nov-2019 13:54:20.204 INFO [main] jdk.internal.reflect.DelegatingMethodAccessorImpl.invoke Command line argument: -Dcatalina.home=/home/ivar/Development/demo/dukes-local-greeting/day/.distribution/apache-tomee
27-Nov-2019 13:54:20.204 INFO [main] jdk.internal.reflect.DelegatingMethodAccessorImpl.invoke Command line argument: -Djava.io.tmpdir=/home/ivar/Development/demo/dukes-local-greeting/day/.distribution/apache-tomee/temp
27-Nov-2019 13:54:20.207 INFO [main] jdk.internal.reflect.DelegatingMethodAccessorImpl.invoke The APR based Apache Tomcat Native library which allows optimal performance in production environments was not found on the java.library.path: [/usr/java/packages/lib:/usr/lib64:/lib64:/lib:/usr/lib]
27-Nov-2019 13:54:23.151 INFO [main] jdk.internal.reflect.DelegatingMethodAccessorImpl.invoke Initializing ProtocolHandler ["http-nio-8080"]
27-Nov-2019 13:54:23.411 INFO [main] jdk.internal.reflect.DelegatingMethodAccessorImpl.invoke Initializing ProtocolHandler ["ajp-nio-8009"]
27-Nov-2019 13:54:25.107 INFO [main] org.apache.openejb.util.OptionsLog.info Using 'tomee.remote.support=true'
27-Nov-2019 13:54:25.195 INFO [main] org.apache.openejb.util.OptionsLog.info Using 'openejb.jdbc.datasource-creator=org.apache.tomee.jdbc.TomEEDataSourceCreator'
27-Nov-2019 13:54:25.735 INFO [main] org.apache.openejb.OpenEJB$Instance.<init> ********************************************************************************
27-Nov-2019 13:54:25.736 INFO [main] org.apache.openejb.OpenEJB$Instance.<init> OpenEJB http://tomee.apache.org/
27-Nov-2019 13:54:25.737 INFO [main] org.apache.openejb.OpenEJB$Instance.<init> Startup: Wed Nov 27 13:54:25 CET 2019
27-Nov-2019 13:54:25.740 INFO [main] org.apache.openejb.OpenEJB$Instance.<init> Copyright 1999-2018 (C) Apache OpenEJB Project, All Rights Reserved.
27-Nov-2019 13:54:25.743 INFO [main] org.apache.openejb.OpenEJB$Instance.<init> Version: 8.0.0-M3
27-Nov-2019 13:54:25.744 INFO [main] org.apache.openejb.OpenEJB$Instance.<init> Build date: 20190523
27-Nov-2019 13:54:25.744 INFO [main] org.apache.openejb.OpenEJB$Instance.<init> Build time: 12:13
27-Nov-2019 13:54:25.745 INFO [main] org.apache.openejb.OpenEJB$Instance.<init> ********************************************************************************
27-Nov-2019 13:54:25.747 INFO [main] org.apache.openejb.OpenEJB$Instance.<init> openejb.home = /home/ivar/Development/demo/dukes-local-greeting/day/.distribution/apache-tomee
27-Nov-2019 13:54:25.752 INFO [main] org.apache.openejb.OpenEJB$Instance.<init> openejb.base = /home/ivar/Development/demo/dukes-local-greeting/day/.distribution/apache-tomee
27-Nov-2019 13:54:25.763 INFO [main] org.apache.openejb.cdi.CdiBuilder.initializeOWB Created new singletonService org.apache.openejb.cdi.ThreadSingletonServiceImpl@73d983ea
27-Nov-2019 13:54:25.791 INFO [main] org.apache.openejb.cdi.CdiBuilder.initializeOWB Succeeded in installing singleton service
27-Nov-2019 13:54:25.945 INFO [main] org.apache.openejb.config.ConfigurationFactory.init TomEE configuration file is '/home/ivar/Development/demo/dukes-local-greeting/day/.distribution/apache-tomee/conf/tomee.xml'
27-Nov-2019 13:54:26.187 INFO [main] org.apache.openejb.config.ConfigurationFactory.configureService Configuring Service(id=Tomcat Security Service, type=SecurityService, provider-id=Tomcat Security Service)
27-Nov-2019 13:54:26.200 INFO [main] org.apache.openejb.config.ConfigurationFactory.configureService Configuring Service(id=Default Transaction Manager, type=TransactionManager, provider-id=Default Transaction Manager)
27-Nov-2019 13:54:26.211 INFO [main] org.apache.openejb.util.OptionsLog.info Using 'openejb.system.apps=false'
27-Nov-2019 13:54:26.214 INFO [main] org.apache.openejb.util.OptionsLog.info Using 'openejb.deployments.classpath=false'
27-Nov-2019 13:54:26.244 INFO [main] org.apache.openejb.assembler.classic.Assembler.createRecipe Creating TransactionManager(id=Default Transaction Manager)
27-Nov-2019 13:54:26.479 INFO [main] org.apache.openejb.assembler.classic.Assembler.createRecipe Creating SecurityService(id=Tomcat Security Service)
27-Nov-2019 13:54:26.941 INFO [main] org.apache.openejb.server.ServiceManager.initServer Creating ServerService(id=cxf-rs)
27-Nov-2019 13:54:28.586 INFO [main] org.apache.openejb.server.SimpleServiceManager.start   ** Bound Services **
27-Nov-2019 13:54:28.591 INFO [main] org.apache.openejb.server.SimpleServiceManager.printRow   NAME                 IP              PORT  
27-Nov-2019 13:54:28.591 INFO [main] org.apache.openejb.server.SimpleServiceManager.start -------
27-Nov-2019 13:54:28.591 INFO [main] org.apache.openejb.server.SimpleServiceManager.start Ready!
27-Nov-2019 13:54:28.591 INFO [main] org.apache.openejb.util.OptionsLog.info Using 'tomee.noshutdownhook=true'
27-Nov-2019 13:54:28.603 INFO [main] jdk.internal.reflect.DelegatingMethodAccessorImpl.invoke Server initialization in [10,332] milliseconds
27-Nov-2019 13:54:28.942 INFO [main] org.apache.tomee.catalina.OpenEJBNamingContextListener.bindResource Importing a Tomcat Resource with id 'UserDatabase' of type 'org.apache.catalina.UserDatabase'.
27-Nov-2019 13:54:28.949 INFO [main] org.apache.openejb.assembler.classic.Assembler.createRecipe Creating Resource(id=UserDatabase)
27-Nov-2019 13:54:29.944 INFO [main] jdk.internal.reflect.DelegatingMethodAccessorImpl.invoke Starting service [Catalina]
27-Nov-2019 13:54:29.948 INFO [main] jdk.internal.reflect.DelegatingMethodAccessorImpl.invoke Starting Servlet engine: [Apache Tomcat/9.0.20]
27-Nov-2019 13:54:30.071 INFO [main] jdk.internal.reflect.DelegatingMethodAccessorImpl.invoke Deploying web application archive [/home/ivar/Development/demo/dukes-local-greeting/day/.distribution/apache-tomee/webapps/ROOT.war]
27-Nov-2019 13:54:30.117 INFO [main] org.apache.tomee.catalina.TomcatWebAppBuilder.init ------------------------- localhost -> /
27-Nov-2019 13:54:30.128 INFO [main] org.apache.openejb.util.JarExtractor.extract Extracting jar: /home/ivar/Development/demo/dukes-local-greeting/day/.distribution/apache-tomee/webapps/ROOT.war
27-Nov-2019 13:54:30.152 INFO [main] org.apache.openejb.util.JarExtractor.extract Extracted path: /home/ivar/Development/demo/dukes-local-greeting/day/.distribution/apache-tomee/webapps/ROOT
27-Nov-2019 13:54:30.154 INFO [main] org.apache.openejb.util.OptionsLog.info Using 'openejb.session.manager=org.apache.tomee.catalina.session.QuickSessionManager'
27-Nov-2019 13:54:30.856 INFO [main] org.apache.openejb.util.OptionsLog.info Using 'tomee.mp.scan=all'
27-Nov-2019 13:54:35.143 INFO [main] org.apache.openejb.config.ConfigurationFactory.configureApplication Configuring enterprise application: /home/ivar/Development/demo/dukes-local-greeting/day/.distribution/apache-tomee/webapps/ROOT
27-Nov-2019 13:54:36.551 INFO [main] org.apache.openejb.config.ConfigurationFactory.configureService Configuring Service(id=Default Managed Container, type=Container, provider-id=Default Managed Container)
27-Nov-2019 13:54:36.556 INFO [main] org.apache.openejb.config.AutoConfig.createContainer Auto-creating a container for bean .Comp1074976188: Container(type=MANAGED, id=Default Managed Container)
27-Nov-2019 13:54:36.566 INFO [main] org.apache.openejb.assembler.classic.Assembler.createRecipe Creating Container(id=Default Managed Container)
27-Nov-2019 13:54:36.645 INFO [main] org.apache.openejb.core.managed.SimplePassivater.init Using directory /home/ivar/Development/demo/dukes-local-greeting/day/.distribution/apache-tomee/temp for stateful session passivation
27-Nov-2019 13:54:36.978 INFO [main] org.apache.openejb.config.AppInfoBuilder.build Enterprise application "/home/ivar/Development/demo/dukes-local-greeting/day/.distribution/apache-tomee/webapps/ROOT" loaded.
27-Nov-2019 13:54:37.020 INFO [main] org.apache.openejb.assembler.classic.Assembler.createApplication Assembling app: /home/ivar/Development/demo/dukes-local-greeting/day/.distribution/apache-tomee/webapps/ROOT
27-Nov-2019 13:54:37.532 INFO [main] org.apache.openejb.cdi.CdiBuilder.initSingleton Existing thread singleton service in SystemInstance(): org.apache.openejb.cdi.ThreadSingletonServiceImpl@73d983ea
27-Nov-2019 13:54:38.156 INFO [main] org.apache.openejb.cdi.OpenEJBLifecycle.startApplication OpenWebBeans Container is starting...
27-Nov-2019 13:54:38.213 INFO [main] org.apache.webbeans.plugins.PluginLoader.startUp Adding OpenWebBeansPlugin : [CdiPlugin]
27-Nov-2019 13:54:38.259 INFO [main] org.apache.openejb.cdi.CdiScanner.handleBda Using annotated mode for jar:file:/home/ivar/Development/demo/dukes-local-greeting/day/.distribution/apache-tomee/lib/geronimo-config-impl-1.2.1.jar!/META-INF/beans.xml looking all classes to find CDI beans, maybe think to add a beans.xml if not there or add the jar to exclusions.list
27-Nov-2019 13:54:41.729 INFO [main] org.apache.geronimo.config.configsource.PropertyFileConfigSourceProvider.<init> Custom config found by GeronimoConfig. Name: 'META-INF/microprofile-config.properties', URL: 'file:/home/ivar/Development/demo/dukes-local-greeting/day/.distribution/apache-tomee/webapps/ROOT/WEB-INF/classes/META-INF/microprofile-config.properties'
27-Nov-2019 13:54:41.747 INFO [main] org.apache.openejb.util.OptionsLog.info Using 'tomee.mp.scan=all'
27-Nov-2019 13:54:47.686 INFO [main] org.apache.webbeans.config.BeansDeployer.validateInjectionPoints All injection points were validated successfully.
27-Nov-2019 13:54:47.916 INFO [main] org.apache.openejb.cdi.OpenEJBLifecycle.startApplication OpenWebBeans Container has started, it took 9759 ms.
27-Nov-2019 13:54:47.991 INFO [main] org.apache.openejb.assembler.classic.Assembler.createApplication Deployed Application(path=/home/ivar/Development/demo/dukes-local-greeting/day/.distribution/apache-tomee/webapps/ROOT)
27-Nov-2019 13:54:48.461 INFO [main] org.apache.myfaces.ee.MyFacesContainerInitializer.onStartup Using org.apache.myfaces.ee.MyFacesContainerInitializer
27-Nov-2019 13:54:48.729 INFO [main] org.apache.myfaces.ee.MyFacesContainerInitializer.onStartup Added FacesServlet with mappings=[/faces/*, *.jsf, *.faces, *.xhtml]
27-Nov-2019 13:54:48.803 INFO [main] org.apache.jasper.servlet.TldScanner.scanJars At least one JAR was scanned for TLDs yet contained no TLDs. Enable debug logging for this logger for a complete list of JARs that were scanned but no TLDs were found in them. Skipping unneeded JARs during scanning can improve startup time and JSP compilation time.
27-Nov-2019 13:54:48.844 INFO [main] org.apache.tomee.myfaces.TomEEMyFacesContainerInitializer.addListener Installing <listener>org.apache.myfaces.webapp.StartupServletContextListener</listener>
27-Nov-2019 13:54:49.421 INFO [main] org.apache.myfaces.config.DefaultFacesConfigurationProvider.getStandardFacesConfig Reading standard config META-INF/standard-faces-config.xml
27-Nov-2019 13:54:51.646 INFO [main] org.apache.myfaces.config.DefaultFacesConfigurationProvider.getClassloaderFacesConfig Reading config : jar:file:/home/ivar/Development/demo/dukes-local-greeting/day/.distribution/apache-tomee/lib/openwebbeans-jsf-2.0.9.jar!/META-INF/faces-config.xml
27-Nov-2019 13:54:51.650 INFO [main] org.apache.myfaces.config.DefaultFacesConfigurationProvider.getClassloaderFacesConfig Reading config : jar:file:/home/ivar/Development/demo/dukes-local-greeting/day/.distribution/apache-tomee/lib/openwebbeans-el22-2.0.9.jar!/META-INF/faces-config.xml
27-Nov-2019 13:54:52.309 INFO [main] org.apache.myfaces.config.LogMetaInfUtils.logArtifact Artifact 'myfaces-api' was found in version '2.3.3' from path 'file:/home/ivar/Development/demo/dukes-local-greeting/day/.distribution/apache-tomee/lib/myfaces-api-2.3.3.jar'
27-Nov-2019 13:54:52.310 INFO [main] org.apache.myfaces.config.LogMetaInfUtils.logArtifact Artifact 'myfaces-impl' was found in version '2.3.3' from path 'file:/home/ivar/Development/demo/dukes-local-greeting/day/.distribution/apache-tomee/lib/myfaces-impl-2.3.3.jar'
27-Nov-2019 13:54:52.351 INFO [main] org.apache.myfaces.util.ExternalSpecifications.isCDIAvailable MyFaces CDI support enabled
27-Nov-2019 13:54:52.358 INFO [main] org.apache.myfaces.spi.impl.DefaultInjectionProviderFactory.getInjectionProvider Using InjectionProvider org.apache.myfaces.spi.impl.CDIAnnotationDelegateInjectionProvider
27-Nov-2019 13:54:52.832 INFO [main] org.apache.myfaces.util.ExternalSpecifications.isBeanValidationAvailable MyFaces Bean Validation support enabled
27-Nov-2019 13:54:53.166 INFO [main] org.apache.myfaces.application.ApplicationImpl.getProjectStage Couldn't discover the current project stage, using Production
27-Nov-2019 13:54:53.195 INFO [main] org.apache.myfaces.config.FacesConfigurator.handleSerialFactory Serialization provider : class org.apache.myfaces.shared_impl.util.serial.DefaultSerialFactory
27-Nov-2019 13:54:53.239 INFO [main] org.apache.myfaces.config.annotation.DefaultLifecycleProviderFactory.getLifecycleProvider Using LifecycleProvider org.apache.myfaces.config.annotation.Tomcat7AnnotationLifecycleProvider
27-Nov-2019 13:54:53.468 INFO [main] org.apache.myfaces.webapp.AbstractFacesInitializer.initFaces ServletContext initialized.
27-Nov-2019 13:54:53.481 INFO [main] org.apache.myfaces.view.facelets.ViewPoolProcessor.initialize org.apache.myfaces.CACHE_EL_EXPRESSIONS web config parameter is set to "noCache". To enable view pooling this param must be set to "alwaysRecompile". View Pooling disabled.
27-Nov-2019 13:54:53.544 INFO [main] org.apache.myfaces.webapp.StartupServletContextListener.contextInitialized MyFaces Core has started, it took [4674] ms.
27-Nov-2019 13:54:53.625 INFO [main] org.apache.openejb.util.OptionsLog.info Using 'openejb.cxf-rs.cache-application=false'
27-Nov-2019 13:54:56.014 INFO [main] org.apache.openejb.server.cxf.rs.CxfRsHttpListener.deployApplication Using readers:
27-Nov-2019 13:54:56.015 INFO [main] org.apache.openejb.server.cxf.rs.CxfRsHttpListener.deployApplication      org.apache.cxf.jaxrs.provider.PrimitiveTextProvider@77978658
27-Nov-2019 13:54:56.016 INFO [main] org.apache.openejb.server.cxf.rs.CxfRsHttpListener.deployApplication      org.apache.cxf.jaxrs.provider.FormEncodingProvider@33e6bd36
27-Nov-2019 13:54:56.016 INFO [main] org.apache.openejb.server.cxf.rs.CxfRsHttpListener.deployApplication      org.apache.cxf.jaxrs.provider.MultipartProvider@6e1d9b32
27-Nov-2019 13:54:56.017 INFO [main] org.apache.openejb.server.cxf.rs.CxfRsHttpListener.deployApplication      org.apache.cxf.jaxrs.provider.SourceProvider@2db6ba81
27-Nov-2019 13:54:56.018 INFO [main] org.apache.openejb.server.cxf.rs.CxfRsHttpListener.deployApplication      org.apache.cxf.jaxrs.provider.JAXBElementTypedProvider@10728fe8
27-Nov-2019 13:54:56.018 INFO [main] org.apache.openejb.server.cxf.rs.CxfRsHttpListener.deployApplication      org.apache.cxf.jaxrs.provider.JAXBElementProvider@16fb9fdd
27-Nov-2019 13:54:56.023 INFO [main] org.apache.openejb.server.cxf.rs.CxfRsHttpListener.deployApplication      org.apache.openejb.server.cxf.rs.johnzon.TomEEJsonbProvider@1b5623b4
27-Nov-2019 13:54:56.024 INFO [main] org.apache.openejb.server.cxf.rs.CxfRsHttpListener.deployApplication      org.apache.openejb.server.cxf.rs.johnzon.TomEEJsonpProvider@498b697
27-Nov-2019 13:54:56.024 INFO [main] org.apache.openejb.server.cxf.rs.CxfRsHttpListener.deployApplication      org.apache.cxf.jaxrs.provider.StringTextProvider@5f8da82
27-Nov-2019 13:54:56.025 INFO [main] org.apache.openejb.server.cxf.rs.CxfRsHttpListener.deployApplication      org.apache.cxf.jaxrs.provider.BinaryDataProvider@6987b74e
27-Nov-2019 13:54:56.026 INFO [main] org.apache.openejb.server.cxf.rs.CxfRsHttpListener.deployApplication      org.apache.cxf.jaxrs.provider.DataSourceProvider@22e95960
27-Nov-2019 13:54:56.027 INFO [main] org.apache.openejb.server.cxf.rs.CxfRsHttpListener.deployApplication Using writers:
27-Nov-2019 13:54:56.028 INFO [main] org.apache.openejb.server.cxf.rs.CxfRsHttpListener.deployApplication      org.apache.johnzon.jaxrs.WadlDocumentMessageBodyWriter@63846fa4
27-Nov-2019 13:54:56.028 INFO [main] org.apache.openejb.server.cxf.rs.CxfRsHttpListener.deployApplication      org.apache.cxf.jaxrs.nio.NioMessageBodyWriter@206b959c
27-Nov-2019 13:54:56.029 INFO [main] org.apache.openejb.server.cxf.rs.CxfRsHttpListener.deployApplication      org.apache.cxf.jaxrs.provider.StringTextProvider@5f8da82
27-Nov-2019 13:54:56.030 INFO [main] org.apache.openejb.server.cxf.rs.CxfRsHttpListener.deployApplication      org.apache.cxf.jaxrs.provider.JAXBElementTypedProvider@10728fe8
27-Nov-2019 13:54:56.034 INFO [main] org.apache.openejb.server.cxf.rs.CxfRsHttpListener.deployApplication      org.apache.cxf.jaxrs.provider.PrimitiveTextProvider@77978658
27-Nov-2019 13:54:56.038 INFO [main] org.apache.openejb.server.cxf.rs.CxfRsHttpListener.deployApplication      org.apache.cxf.jaxrs.provider.FormEncodingProvider@33e6bd36
27-Nov-2019 13:54:56.039 INFO [main] org.apache.openejb.server.cxf.rs.CxfRsHttpListener.deployApplication      org.apache.cxf.jaxrs.provider.MultipartProvider@6e1d9b32
27-Nov-2019 13:54:56.039 INFO [main] org.apache.openejb.server.cxf.rs.CxfRsHttpListener.deployApplication      org.apache.geronimo.microprofile.openapi.jaxrs.JacksonOpenAPIYamlBodyWriter@74026b18
27-Nov-2019 13:54:56.041 INFO [main] org.apache.openejb.server.cxf.rs.CxfRsHttpListener.deployApplication      org.apache.cxf.jaxrs.provider.SourceProvider@2db6ba81
27-Nov-2019 13:54:56.042 INFO [main] org.apache.openejb.server.cxf.rs.CxfRsHttpListener.deployApplication      org.apache.cxf.jaxrs.provider.JAXBElementProvider@16fb9fdd
27-Nov-2019 13:54:56.044 INFO [main] org.apache.openejb.server.cxf.rs.CxfRsHttpListener.deployApplication      org.apache.openejb.server.cxf.rs.johnzon.TomEEJsonbProvider@1b5623b4
27-Nov-2019 13:54:56.044 INFO [main] org.apache.openejb.server.cxf.rs.CxfRsHttpListener.deployApplication      org.apache.openejb.server.cxf.rs.johnzon.TomEEJsonpProvider@498b697
27-Nov-2019 13:54:56.045 INFO [main] org.apache.openejb.server.cxf.rs.CxfRsHttpListener.deployApplication      org.apache.cxf.jaxrs.provider.BinaryDataProvider@6987b74e
27-Nov-2019 13:54:56.052 INFO [main] org.apache.openejb.server.cxf.rs.CxfRsHttpListener.deployApplication      org.apache.cxf.jaxrs.provider.DataSourceProvider@22e95960
27-Nov-2019 13:54:56.053 INFO [main] org.apache.openejb.server.cxf.rs.CxfRsHttpListener.deployApplication Using exception mappers:
27-Nov-2019 13:54:56.054 INFO [main] org.apache.openejb.server.cxf.rs.CxfRsHttpListener.deployApplication      org.apache.cxf.jaxrs.impl.WebApplicationExceptionMapper@58189b85
27-Nov-2019 13:54:56.055 INFO [main] org.apache.openejb.server.cxf.rs.CxfRsHttpListener.deployApplication      org.apache.tomee.microprofile.jwt.MPJWTFilter$MPJWTExceptionMapper@49222187
27-Nov-2019 13:54:56.057 INFO [main] org.apache.openejb.server.cxf.rs.CxfRsHttpListener.deployApplication      org.apache.openejb.server.cxf.rs.EJBExceptionMapper@59c00010
27-Nov-2019 13:54:56.058 INFO [main] org.apache.openejb.server.cxf.rs.CxfRsHttpListener.deployApplication      org.apache.cxf.jaxrs.validation.ValidationExceptionMapper@5e41e6ad
27-Nov-2019 13:54:56.062 INFO [main] org.apache.openejb.server.cxf.rs.CxfRsHttpListener.logEndpoints REST Application: http://localhost:8080/data                             -> com.example.day.DayRestApplication@21022cbb
27-Nov-2019 13:54:56.072 INFO [main] org.apache.openejb.server.cxf.rs.CxfRsHttpListener.logEndpoints      Service URI: http://localhost:8080/data/day                         -> Pojo com.example.day.HelloController                                         
27-Nov-2019 13:54:56.074 INFO [main] org.apache.openejb.server.cxf.rs.CxfRsHttpListener.logEndpoints               GET http://localhost:8080/data/day                         ->      String sayHello()
27-Nov-2019 13:54:56.076 INFO [main] org.apache.openejb.server.cxf.rs.CxfRsHttpListener.logEndpoints      Service URI: http://localhost:8080/data/health                      -> Pojo org.apache.geronimo.microprofile.impl.health.cdi.CdiHealthChecksEndpoint
27-Nov-2019 13:54:56.088 INFO [main] org.apache.openejb.server.cxf.rs.CxfRsHttpListener.logEndpoints               GET http://localhost:8080/data/health                      ->      Response getChecks()
27-Nov-2019 13:54:56.110 INFO [main] org.apache.openejb.server.cxf.rs.CxfRsHttpListener.logEndpoints      Service URI: http://localhost:8080/data/metrics                     -> Pojo org.apache.geronimo.microprofile.metrics.jaxrs.CdiMetricsEndpoints      
27-Nov-2019 13:54:56.110 INFO [main] org.apache.openejb.server.cxf.rs.CxfRsHttpListener.logEndpoints               GET http://localhost:8080/data/metrics                     ->      Object getJson(SecurityContext, UriInfo)                    
27-Nov-2019 13:54:56.111 INFO [main] org.apache.openejb.server.cxf.rs.CxfRsHttpListener.logEndpoints               GET http://localhost:8080/data/metrics                     ->      String getText(SecurityContext, UriInfo)                    
27-Nov-2019 13:54:56.112 INFO [main] org.apache.openejb.server.cxf.rs.CxfRsHttpListener.logEndpoints               GET http://localhost:8080/data/metrics/{registry}          ->      Object getJson(String, SecurityContext, UriInfo)            
27-Nov-2019 13:54:56.112 INFO [main] org.apache.openejb.server.cxf.rs.CxfRsHttpListener.logEndpoints               GET http://localhost:8080/data/metrics/{registry}          ->      String getText(String, SecurityContext, UriInfo)            
27-Nov-2019 13:54:56.113 INFO [main] org.apache.openejb.server.cxf.rs.CxfRsHttpListener.logEndpoints               GET http://localhost:8080/data/metrics/{registry}/{metric} ->      Object getJson(String, String, SecurityContext, UriInfo)    
27-Nov-2019 13:54:56.113 INFO [main] org.apache.openejb.server.cxf.rs.CxfRsHttpListener.logEndpoints               GET http://localhost:8080/data/metrics/{registry}/{metric} ->      String getText(String, String, SecurityContext, UriInfo)    
27-Nov-2019 13:54:56.113 INFO [main] org.apache.openejb.server.cxf.rs.CxfRsHttpListener.logEndpoints           OPTIONS http://localhost:8080/data/metrics/{registry}          ->      Object getMetadata(String, SecurityContext, UriInfo)        
27-Nov-2019 13:54:56.114 INFO [main] org.apache.openejb.server.cxf.rs.CxfRsHttpListener.logEndpoints           OPTIONS http://localhost:8080/data/metrics/{registry}/{metric} ->      Object getMetadata(String, String, SecurityContext, UriInfo)
27-Nov-2019 13:54:56.115 INFO [main] org.apache.openejb.server.cxf.rs.CxfRsHttpListener.logEndpoints      Service URI: http://localhost:8080/data/openapi                     -> Pojo org.apache.geronimo.microprofile.openapi.jaxrs.OpenAPIEndpoint          
27-Nov-2019 13:54:56.119 INFO [main] org.apache.openejb.server.cxf.rs.CxfRsHttpListener.logEndpoints               GET http://localhost:8080/data/openapi                     ->      OpenAPI get()
27-Nov-2019 13:54:56.300 INFO [main] jdk.internal.reflect.DelegatingMethodAccessorImpl.invoke Deployment of web application archive [/home/ivar/Development/demo/dukes-local-greeting/day/.distribution/apache-tomee/webapps/ROOT.war] has finished in [26,222] ms
27-Nov-2019 13:54:56.334 INFO [main] org.apache.catalina.core.StandardContext.setClassLoaderProperty Unable to set the web application class loader property [clearReferencesRmiTargets] to [true] as the property does not exist.
27-Nov-2019 13:54:56.338 INFO [main] org.apache.catalina.core.StandardContext.setClassLoaderProperty Unable to set the web application class loader property [clearReferencesObjectStreamClassCaches] to [true] as the property does not exist.
27-Nov-2019 13:54:56.339 INFO [main] org.apache.catalina.core.StandardContext.setClassLoaderProperty Unable to set the web application class loader property [clearReferencesObjectStreamClassCaches] to [true] as the property does not exist.
27-Nov-2019 13:54:56.342 INFO [main] org.apache.catalina.core.StandardContext.setClassLoaderProperty Unable to set the web application class loader property [clearReferencesThreadLocals] to [true] as the property does not exist.
27-Nov-2019 13:54:56.394 INFO [main] jdk.internal.reflect.DelegatingMethodAccessorImpl.invoke Starting ProtocolHandler ["http-nio-8080"]
27-Nov-2019 13:54:56.486 INFO [main] jdk.internal.reflect.DelegatingMethodAccessorImpl.invoke Starting ProtocolHandler ["ajp-nio-8009"]
27-Nov-2019 13:54:56.637 INFO [main] jdk.internal.reflect.DelegatingMethodAccessorImpl.invoke Server startup in [28,033] milliseconds
